<?xml version="1.0" encoding="utf-8"?><testsuites name="pytest tests"><testsuite name="pytest" errors="0" failures="0" skipped="0" tests="20" time="21.324" timestamp="2026-03-05T17:40:05.644077+00:00" hostname="agent-env-5283176f-9973-4196-b222-27291e7fe0d5"><testcase classname="backend.tests.test_devin_lab.TestAgentsEndpoint" name="test_get_agents_returns_devin" time="0.349" /><testcase classname="backend.tests.test_devin_lab.TestPermissionsAPI" name="test_get_permissions" time="0.114" /><testcase classname="backend.tests.test_devin_lab.TestPermissionsAPI" name="test_update_permissions_shell_disable" time="0.282" /><testcase classname="backend.tests.test_devin_lab.TestPermissionsAPI" name="test_update_multiple_permissions" time="0.121" /><testcase classname="backend.tests.test_devin_lab.TestDevinTasksCRUD" name="test_create_task_low_risk" time="0.229" /><testcase classname="backend.tests.test_devin_lab.TestDevinTasksCRUD" name="test_create_task_high_risk_requires_approval" time="0.278" /><testcase classname="backend.tests.test_devin_lab.TestDevinTasksCRUD" name="test_list_tasks" time="0.171" /><testcase classname="backend.tests.test_devin_lab.TestDevinTasksCRUD" name="test_delete_task" time="0.249" /><testcase classname="backend.tests.test_devin_lab.TestDevinTasksCRUD" name="test_delete_nonexistent_task_returns_404" time="0.127" /><testcase classname="backend.tests.test_devin_lab.TestTaskApproval" name="test_approve_high_risk_task" time="0.352" /><testcase classname="backend.tests.test_devin_lab.TestTaskApproval" name="test_approve_nonexistent_task_returns_404" time="0.123" /><testcase classname="backend.tests.test_devin_lab.TestTaskRun" name="test_run_low_risk_task_dry_run" time="0.244" /><testcase classname="backend.tests.test_devin_lab.TestTaskRun" name="test_run_unapproved_high_risk_task_fails" time="0.261" /><testcase classname="backend.tests.test_devin_lab.TestMemoryRetrieval" name="test_get_agent_memories" time="0.180" /><testcase classname="backend.tests.test_devin_lab.TestMemoryRetrieval" name="test_add_and_delete_memory" time="0.357" /><testcase classname="backend.tests.test_devin_lab.TestChatAPICleanResponse" name="test_chat_response_no_think_tags" time="8.004" /><testcase classname="backend.tests.test_devin_lab.TestChatAPICleanResponse" name="test_chat_response_no_tool_tags" time="8.907" /><testcase classname="backend.tests.test_devin_lab.TestPermissionEnforcement" name="test_shell_blocked_when_disabled" time="0.432" /><testcase classname="backend.tests.test_devin_lab.TestDevinRuns" name="test_list_runs" time="0.123" /><testcase classname="backend.tests.test_devin_lab.TestTaskChaining" name="test_create_chained_tasks" time="0.306" /></testsuite></testsuites>