<?xml version="1.0" encoding="utf-8"?><testsuites name="pytest tests"><testsuite name="pytest" errors="0" failures="0" skipped="0" tests="6" time="56.219" timestamp="2026-03-04T17:51:21.667045+00:00" hostname="agent-env-c5844e08-602d-483c-b784-62ac56517d74"><testcase classname="backend.tests.test_moderation_handling.TestModerationHandling" name="test_generate_video_safe_prompt" time="17.140" /><testcase classname="backend.tests.test_moderation_handling.TestModerationHandling" name="test_generate_video_moderated_prompt_fast_response" time="16.814" /><testcase classname="backend.tests.test_moderation_handling.TestModerationHandling" name="test_generate_image_moderated_prompt" time="5.115" /><testcase classname="backend.tests.test_moderation_handling.TestModerationHandling" name="test_moderation_message_contains_guidance" time="16.827" /><testcase classname="backend.tests.test_moderation_handling.TestModerationDetection" name="test_video_invalid_resolution_not_moderation" time="0.135" /><testcase classname="backend.tests.test_moderation_handling.TestModerationDetection" name="test_video_invalid_duration_not_moderation" time="0.124" /></testsuite></testsuites>