<?xml version="1.0" encoding="utf-8"?><testsuites name="pytest tests"><testsuite name="pytest" errors="0" failures="0" skipped="0" tests="36" time="9.059" timestamp="2026-03-06T13:01:56.986995+00:00" hostname="agent-env-7f501411-5214-4100-a719-d99955c4acf3"><testcase classname="backend.tests.test_new_pack_features.TestPackListing" name="test_returns_200" time="0.263" /><testcase classname="backend.tests.test_new_pack_features.TestPackListing" name="test_returns_7_packs" time="0.122" /><testcase classname="backend.tests.test_new_pack_features.TestPackListing" name="test_all_expected_slugs_present" time="0.134" /><testcase classname="backend.tests.test_new_pack_features.TestPackListing" name="test_companion_has_age_gate_true" time="0.123" /><testcase classname="backend.tests.test_new_pack_features.TestPackListing" name="test_innovator_has_coming_soon_true" time="0.116" /><testcase classname="backend.tests.test_new_pack_features.TestPackListing" name="test_other_packs_have_age_gate_false" time="0.119" /><testcase classname="backend.tests.test_new_pack_features.TestPackListing" name="test_coder_is_free" time="0.113" /><testcase classname="backend.tests.test_new_pack_features.TestPackListing" name="test_pack_prices_correct" time="0.122" /><testcase classname="backend.tests.test_new_pack_features.TestPackListing" name="test_taskmaster_price_is_7_99" time="0.114" /><testcase classname="backend.tests.test_new_pack_features.TestPackListing" name="test_friend_price_is_2_99" time="0.108" /><testcase classname="backend.tests.test_new_pack_features.TestPackListing" name="test_packs_sorted_by_sort_order" time="0.109" /><testcase classname="backend.tests.test_new_pack_features.TestUserPacks" name="test_returns_200_with_admin" time="0.115" /><testcase classname="backend.tests.test_new_pack_features.TestUserPacks" name="test_returns_7_packs" time="0.122" /><testcase classname="backend.tests.test_new_pack_features.TestUserPacks" name="test_has_is_active_field" time="0.123" /><testcase classname="backend.tests.test_new_pack_features.TestUserPacks" name="test_has_is_unlocked_field" time="0.118" /><testcase classname="backend.tests.test_new_pack_features.TestUserPacks" name="test_coder_is_unlocked_for_all" time="0.119" /><testcase classname="backend.tests.test_new_pack_features.TestUserPacks" name="test_new_user_gets_coder_pro_trial" time="0.242" /><testcase classname="backend.tests.test_new_pack_features.TestActivePack" name="test_returns_200" time="0.111" /><testcase classname="backend.tests.test_new_pack_features.TestActivePack" name="test_returns_pack_object" time="0.109" /><testcase classname="backend.tests.test_new_pack_features.TestActivePack" name="test_new_user_active_pack_is_coder_pro" time="0.221" /><testcase classname="backend.tests.test_new_pack_features.TestTrialStatus" name="test_returns_200" time="0.100" /><testcase classname="backend.tests.test_new_pack_features.TestTrialStatus" name="test_returns_is_trial_field" time="0.102" /><testcase classname="backend.tests.test_new_pack_features.TestTrialStatus" name="test_new_user_is_on_trial" time="0.208" /><testcase classname="backend.tests.test_new_pack_features.TestTrialStatus" name="test_new_user_trial_has_correct_structure" time="0.262" /><testcase classname="backend.tests.test_new_pack_features.TestAgeGate" name="test_activate_companion_without_age_verify_returns_403" time="0.475" /><testcase classname="backend.tests.test_new_pack_features.TestAgeGate" name="test_age_verify_returns_200" time="0.352" /><testcase classname="backend.tests.test_new_pack_features.TestAgeGate" name="test_activate_companion_after_age_verify_succeeds" time="0.541" /><testcase classname="backend.tests.test_new_pack_features.TestAgeGate" name="test_full_age_gate_flow" time="0.817" /><testcase classname="backend.tests.test_new_pack_features.TestComingSoon" name="test_activate_innovator_returns_403_coming_soon" time="0.222" /><testcase classname="backend.tests.test_new_pack_features.TestComingSoon" name="test_activate_innovator_with_new_user_returns_403" time="0.440" /><testcase classname="backend.tests.test_new_pack_features.TestAgenticChatTrialInfo" name="test_agentic_chat_includes_trial_info_for_trial_user" time="2.189" /><testcase classname="backend.tests.test_new_pack_features.TestPackFields" name="test_all_packs_have_required_fields" time="0.109" /><testcase classname="backend.tests.test_new_pack_features.TestPackFields" name="test_innovator_has_empty_allowed_tools" time="0.115" /><testcase classname="backend.tests.test_new_pack_features.TestPackFields" name="test_friend_has_memory_tools" time="0.113" /><testcase classname="backend.tests.test_new_pack_features.TestPackFields" name="test_coder_pro_has_shell_tools" time="0.113" /><testcase classname="backend.tests.test_new_pack_features.TestPackFields" name="test_researcher_has_browser_tools" time="0.104" /></testsuite></testsuites>