<?xml version="1.0" encoding="utf-8"?><testsuites name="pytest tests"><testsuite name="pytest" errors="0" failures="1" skipped="0" tests="24" time="8.879" timestamp="2026-03-05T23:48:26.086743+00:00" hostname="agent-env-65b4bfe1-e241-41e7-8681-669d641dfcf4"><testcase classname="backend.tests.test_pack_system.TestPackListing" name="test_packs_endpoint_returns_200" time="0.244" /><testcase classname="backend.tests.test_pack_system.TestPackListing" name="test_packs_returns_all_four_packs" time="0.115" /><testcase classname="backend.tests.test_pack_system.TestPackListing" name="test_coder_pack_is_free" time="0.116" /><testcase classname="backend.tests.test_pack_system.TestPackListing" name="test_paid_packs_have_correct_price" time="0.128" /><testcase classname="backend.tests.test_pack_system.TestPackListing" name="test_packs_have_required_fields" time="0.167" /><testcase classname="backend.tests.test_pack_system.TestPackListing" name="test_packs_have_allowed_tools" time="0.108" /><testcase classname="backend.tests.test_pack_system.TestUserPacks" name="test_user_packs_returns_200" time="0.103" /><testcase classname="backend.tests.test_pack_system.TestUserPacks" name="test_user_packs_have_ownership_fields" time="0.105" /><testcase classname="backend.tests.test_pack_system.TestUserPacks" name="test_only_one_pack_active_at_time" time="0.113" /><testcase classname="backend.tests.test_pack_system.TestUserPacks" name="test_coder_pack_auto_unlocked_for_user" time="0.114" /><testcase classname="backend.tests.test_pack_system.TestActivePack" name="test_active_pack_returns_200" time="0.111" /><testcase classname="backend.tests.test_pack_system.TestActivePack" name="test_active_pack_has_required_fields" time="0.137" /><testcase classname="backend.tests.test_pack_system.TestPackActivation" name="test_activate_free_pack" time="0.252" /><testcase classname="backend.tests.test_pack_system.TestPackActivation" name="test_activate_changes_active_pack" time="0.348" /><testcase classname="backend.tests.test_pack_system.TestPackActivation" name="test_activate_nonexistent_pack_returns_404" time="0.121" /><testcase classname="backend.tests.test_pack_system.TestPackActivation" name="test_activate_locked_pack_fails" time="0.219" /><testcase classname="backend.tests.test_pack_system.TestPackUnlocking" name="test_unlock_pack" time="0.265" /><testcase classname="backend.tests.test_pack_system.TestPackUnlocking" name="test_unlock_and_activate_flow" time="0.473" /><testcase classname="backend.tests.test_pack_system.TestPackSwitching" name="test_switching_deactivates_previous_pack" time="0.608" /><testcase classname="backend.tests.test_pack_system.TestAgenticChatWithPacks" name="test_chat_returns_pack_info" time="2.459" /><testcase classname="backend.tests.test_pack_system.TestAgenticChatWithPacks" name="test_chat_uses_active_pack_system_prompt" time="2.030"><failure message="AssertionError: assert 'Coder' == 'Companion'&#10;  &#10;  - Companion&#10;  + Coder">backend/tests/test_pack_system.py:383: in test_chat_uses_active_pack_system_prompt
    assert data.get("pack_name") == "Companion"
E   AssertionError: assert 'Coder' == 'Companion'
E     
E     - Companion
E     + Coder</failure></testcase><testcase classname="backend.tests.test_pack_system.TestToolPermissionsWithPacks" name="test_companion_pack_has_limited_tools" time="0.106" /><testcase classname="backend.tests.test_pack_system.TestToolPermissionsWithPacks" name="test_coder_pack_has_full_dev_tools" time="0.118" /><testcase classname="backend.tests.test_pack_system.TestCleanup" name="test_reset_to_coder_pack" time="0.212" /></testsuite></testsuites>