<?xml version="1.0" encoding="utf-8"?><testsuites name="pytest tests"><testsuite name="pytest" errors="0" failures="1" skipped="0" tests="19" time="1.832" timestamp="2026-03-02T18:08:29.589582+00:00" hostname="agent-env-090fc891-a83a-4088-9bf1-ea2fd29f8503"><testcase classname="backend.tests.test_admin_features.TestHealthCheck" name="test_api_root" time="0.294" /><testcase classname="backend.tests.test_admin_features.TestAdminAuth" name="test_admin_users_with_valid_key" time="0.112" /><testcase classname="backend.tests.test_admin_features.TestAdminAuth" name="test_admin_users_without_key" time="0.069" /><testcase classname="backend.tests.test_admin_features.TestAdminAuth" name="test_admin_users_with_wrong_key" time="0.065" /><testcase classname="backend.tests.test_admin_features.TestAdminAuth" name="test_admin_stats_with_valid_key" time="0.065" /><testcase classname="backend.tests.test_admin_features.TestAdminAuth" name="test_admin_stats_without_key" time="0.076" /><testcase classname="backend.tests.test_admin_features.TestAdminAuth" name="test_admin_download_logs_with_valid_key" time="0.061" /><testcase classname="backend.tests.test_admin_features.TestAdminAuth" name="test_admin_download_logs_without_key" time="0.059" /><testcase classname="backend.tests.test_admin_features.TestAdminUsersData" name="test_users_have_expected_fields" time="0.072" /><testcase classname="backend.tests.test_admin_features.TestAdminUsersData" name="test_password_hash_not_exposed" time="0.068" /><testcase classname="backend.tests.test_admin_features.TestDownloadTracking" name="test_track_download_with_auth" time="0.121" /><testcase classname="backend.tests.test_admin_features.TestDownloadTracking" name="test_track_download_appears_in_logs" time="0.124" /><testcase classname="backend.tests.test_admin_features.TestDownloadTracking" name="test_track_download_without_auth" time="0.067" /><testcase classname="backend.tests.test_admin_features.TestAdminUserConversations" name="test_admin_get_user_conversations" time="0.133" /><testcase classname="backend.tests.test_admin_features.TestAdminUserConversations" name="test_admin_conversations_without_key" time="0.058" /><testcase classname="backend.tests.test_admin_features.TestRegularAuth" name="test_login_valid_credentials" time="0.057" /><testcase classname="backend.tests.test_admin_features.TestRegularAuth" name="test_login_invalid_credentials" time="0.052" /><testcase classname="backend.tests.test_admin_features.TestRegularAuth" name="test_auth_me_with_token" time="0.061" /><testcase classname="backend.tests.test_admin_features.TestRegularAuth" name="test_auth_me_without_token" time="0.078"><failure message="assert 200 == 401&#10; +  where 200 = &lt;Response [200]&gt;.status_code">backend/tests/test_admin_features.py:265: in test_auth_me_without_token
    assert resp.status_code == 401
E   assert 200 == 401
E    +  where 200 = &lt;Response [200]&gt;.status_code</failure></testcase></testsuite></testsuites>