<?xml version="1.0" encoding="utf-8"?><testsuites name="pytest tests"><testsuite name="pytest" errors="0" failures="0" skipped="0" tests="34" time="11.823" timestamp="2026-03-02T21:19:34.955371+00:00" hostname="agent-env-48ab208b-8ce1-420a-8a83-b64916370a64"><testcase classname="backend.tests.test_admin_features.TestHealthCheck" name="test_api_root" time="0.141" /><testcase classname="backend.tests.test_admin_features.TestAdminAuth" name="test_admin_users_with_valid_key" time="0.084" /><testcase classname="backend.tests.test_admin_features.TestAdminAuth" name="test_admin_users_without_key" time="0.063" /><testcase classname="backend.tests.test_admin_features.TestAdminAuth" name="test_admin_users_with_wrong_key" time="0.048" /><testcase classname="backend.tests.test_admin_features.TestAdminAuth" name="test_admin_stats_with_valid_key" time="0.060" /><testcase classname="backend.tests.test_admin_features.TestAdminAuth" name="test_admin_stats_without_key" time="0.058" /><testcase classname="backend.tests.test_admin_features.TestAdminAuth" name="test_admin_download_logs_with_valid_key" time="0.058" /><testcase classname="backend.tests.test_admin_features.TestAdminAuth" name="test_admin_download_logs_without_key" time="0.050" /><testcase classname="backend.tests.test_admin_features.TestAdminUsersData" name="test_users_have_expected_fields" time="0.065" /><testcase classname="backend.tests.test_admin_features.TestAdminUsersData" name="test_password_hash_not_exposed" time="0.074" /><testcase classname="backend.tests.test_admin_features.TestDownloadTracking" name="test_track_download_with_auth" time="0.115" /><testcase classname="backend.tests.test_admin_features.TestDownloadTracking" name="test_track_download_appears_in_logs" time="0.100" /><testcase classname="backend.tests.test_admin_features.TestDownloadTracking" name="test_track_download_without_auth" time="0.061" /><testcase classname="backend.tests.test_admin_features.TestAdminUserConversations" name="test_admin_get_user_conversations" time="0.126" /><testcase classname="backend.tests.test_admin_features.TestAdminUserConversations" name="test_admin_conversations_without_key" time="0.079" /><testcase classname="backend.tests.test_admin_features.TestRegularAuth" name="test_login_valid_credentials" time="0.075" /><testcase classname="backend.tests.test_admin_features.TestRegularAuth" name="test_login_invalid_credentials" time="0.061" /><testcase classname="backend.tests.test_admin_features.TestRegularAuth" name="test_auth_me_with_token" time="0.055" /><testcase classname="backend.tests.test_admin_features.TestRegularAuth" name="test_auth_me_without_token" time="0.144" /><testcase classname="backend.tests.test_chat_and_core.TestUserRegistration" name="test_register_new_user" time="0.104" /><testcase classname="backend.tests.test_chat_and_core.TestUserRegistration" name="test_register_duplicate_email" time="0.100" /><testcase classname="backend.tests.test_chat_and_core.TestUserLogin" name="test_login_success" time="0.053" /><testcase classname="backend.tests.test_chat_and_core.TestUserLogin" name="test_login_wrong_password" time="0.058" /><testcase classname="backend.tests.test_chat_and_core.TestUserLogin" name="test_login_nonexistent_user" time="0.061" /><testcase classname="backend.tests.test_chat_and_core.TestLogout" name="test_logout_invalidates_session" time="0.103" /><testcase classname="backend.tests.test_chat_and_core.TestLogout" name="test_logout_without_token" time="0.054" /><testcase classname="backend.tests.test_chat_and_core.TestChatAPI" name="test_chat_with_auth" time="0.992" /><testcase classname="backend.tests.test_chat_and_core.TestChatAPI" name="test_chat_response_structure" time="1.535" /><testcase classname="backend.tests.test_chat_and_core.TestChatAPI" name="test_chat_conversation_continuation" time="2.538" /><testcase classname="backend.tests.test_chat_and_core.TestUserDataIsolation" name="test_conversations_isolated" time="1.490" /><testcase classname="backend.tests.test_chat_and_core.TestUserDataIsolation" name="test_images_isolated" time="0.284" /><testcase classname="backend.tests.test_chat_and_core.TestUserDataIsolation" name="test_unauthenticated_conversations" time="0.165" /><testcase classname="backend.tests.test_chat_and_core.TestImageGeneration" name="test_image_generation_endpoint_exists" time="2.431" /><testcase classname="backend.tests.test_chat_and_core.TestDownloadTrackingCore" name="test_track_download_logs_user_info" time="0.254" /></testsuite></testsuites>