<?xml version="1.0" encoding="utf-8"?><testsuites name="pytest tests"><testsuite name="pytest" errors="0" failures="0" skipped="0" tests="5" time="62.349" timestamp="2026-03-05T20:09:22.604834+00:00" hostname="agent-env-f98f09c4-ad1d-42ee-8327-55ce549db2a3"><testcase classname="backend.tests.test_session_continuity.TestSessionContinuity" name="test_01_agentic_chat_accepts_session_id" time="6.451" /><testcase classname="backend.tests.test_session_continuity.TestSessionContinuity" name="test_02_session_id_fallback_generation" time="20.169" /><testcase classname="backend.tests.test_session_continuity.TestSessionContinuity" name="test_03_chat_history_injection_continuity" time="12.070" /><testcase classname="backend.tests.test_session_continuity.TestSessionContinuity" name="test_04_different_sessions_are_isolated" time="14.493" /><testcase classname="backend.tests.test_session_continuity.TestSessionContinuity" name="test_05_response_structure_complete" time="9.107" /></testsuite></testsuites>