<?xml version="1.0" encoding="utf-8"?><testsuites name="pytest tests"><testsuite name="pytest" errors="0" failures="0" skipped="0" tests="20" time="5.032" timestamp="2026-03-06T13:49:37.297225+00:00" hostname="agent-env-7f501411-5214-4100-a719-d99955c4acf3"><testcase classname="backend.tests.test_settings_and_customization.TestUserSettings" name="test_get_settings_returns_200" time="0.318" /><testcase classname="backend.tests.test_settings_and_customization.TestUserSettings" name="test_get_settings_age_verified_false_by_default" time="0.238" /><testcase classname="backend.tests.test_settings_and_customization.TestUserSettings" name="test_get_settings_admin_returns_200" time="0.125" /><testcase classname="backend.tests.test_settings_and_customization.TestAgeVerification" name="test_age_verify_returns_200" time="0.280" /><testcase classname="backend.tests.test_settings_and_customization.TestAgeVerification" name="test_age_verify_sets_age_verified_true" time="0.343" /><testcase classname="backend.tests.test_settings_and_customization.TestAgeVerification" name="test_age_verify_persists_to_settings" time="0.368" /><testcase classname="backend.tests.test_settings_and_customization.TestAgeVerification" name="test_age_verify_unlocks_companion_in_packs" time="0.314" /><testcase classname="backend.tests.test_settings_and_customization.TestAgeVerification" name="test_packs_excludes_companion_before_age_verify" time="0.257" /><testcase classname="backend.tests.test_settings_and_customization.TestUserCustomization" name="test_get_customization_returns_200" time="0.265" /><testcase classname="backend.tests.test_settings_and_customization.TestUserCustomization" name="test_get_customization_returns_defaults" time="0.201" /><testcase classname="backend.tests.test_settings_and_customization.TestUserCustomization" name="test_get_customization_admin_returns_defaults_or_saved" time="0.097" /><testcase classname="backend.tests.test_settings_and_customization.TestUserCustomization" name="test_put_customization_free_coder_returns_403" time="0.536" /><testcase classname="backend.tests.test_settings_and_customization.TestUserCustomization" name="test_put_customization_saves_for_paid_pack_user" time="0.360" /><testcase classname="backend.tests.test_settings_and_customization.TestUserCustomization" name="test_put_customization_persists_via_get" time="0.435" /><testcase classname="backend.tests.test_settings_and_customization.TestDefaultActivePack" name="test_admin_active_pack_is_not_companion" time="0.104" /><testcase classname="backend.tests.test_settings_and_customization.TestDefaultActivePack" name="test_new_user_active_pack_is_not_companion" time="0.239" /><testcase classname="backend.tests.test_settings_and_customization.TestDefaultActivePack" name="test_admin_active_pack_taskmaster_or_trial" time="0.135" /><testcase classname="backend.tests.test_settings_and_customization.TestCompanionVisibility" name="test_companion_pack_has_age_gate_true" time="0.118" /><testcase classname="backend.tests.test_settings_and_customization.TestCompanionVisibility" name="test_companion_no_18plus_badge_field" time="0.101" /><testcase classname="backend.tests.test_settings_and_customization.TestCompanionVisibility" name="test_other_packs_no_age_gate" time="0.111" /></testsuite></testsuites>