<?xml version="1.0" encoding="utf-8"?><testsuites name="pytest tests"><testsuite name="pytest" errors="0" failures="0" skipped="0" tests="5" time="35.744" timestamp="2026-03-04T16:35:57.231446+00:00" hostname="agent-env-c5844e08-602d-483c-b784-62ac56517d74"><testcase classname="tests.test_video_generation.TestVideoGeneration" name="test_video_generation_with_admin_key" time="17.906" /><testcase classname="tests.test_video_generation.TestVideoGeneration" name="test_video_generation_invalid_resolution" time="0.291" /><testcase classname="tests.test_video_generation.TestVideoGeneration" name="test_video_generation_invalid_duration" time="0.409" /><testcase classname="tests.test_video_generation.TestVideoGenerationQuickCheck" name="test_video_endpoint_exists" time="0.124" /><testcase classname="tests.test_video_generation.TestVideoGenerationQuickCheck" name="test_video_api_requires_auth_or_admin" time="16.968" /></testsuite></testsuites>